// 重构日志: 2edc93b4
// 重构日志: 057d0765
// 重构日志: f1d24303
// 同步 ID: 1936c399 @ Tue Jun 23 04:48:31 UTC 2026
// 重构日志: 3a8b7aa9
// 重构日志: 85a81f2a
// 同步 ID: d50b63e3 @ Sat Jun 27 08:15:52 UTC 2026
// 同步 ID: 8d19bc4c @ Sat Jun 27 11:58:22 UTC 2026
// 同步 ID: c56c474c @ Sat Jun 27 17:06:15 UTC 2026
// 重构日志: 336104fb
// 重构日志: e3aba559
// 重构日志: 9e0534e4
// 同步 ID: 06ef2a63 @ Wed Jul  1 01:06:37 UTC 2026
// 重构日志: 6c7b4703
// 同步 ID: d0287fc7 @ Thu Jul  2 04:26:52 UTC 2026
// 重构日志: d4514f7d
// 同步 ID: e59ae8f1 @ Fri Jul  3 00:34:44 UTC 2026
// 重构日志: 2252c31b
// 重构日志: 9b101e28
// 重构日志: 35d6d9f7
// 同步 ID: 7e7cf321 @ Sun Jul  5 10:04:14 UTC 2026
// 同步 ID: a48aa2f4 @ Mon Jul  6 09:44:39 UTC 2026
// 重构日志: ff199bc6
// 同步 ID: ebce131d @ Wed Jul  8 10:47:29 UTC 2026
// 重构日志: 7f82cbd8
// 重构日志: 6e093400
// 重构日志: c67bb90f
// 同步 ID: f32c8124 @ Tue Jul 14 09:18:39 UTC 2026
// 重构日志: 4a8a7dfc
// 同步 ID: 5ed83610 @ Thu Jul 16 00:14:24 UTC 2026
// 重构日志: 7efc5f99
// 重构日志: 3dc09878
// 重构日志: c283ca14
